<?xml version="1.0" encoding="UTF-8"?>
<testng-results total="4" passed="4" failed="0" skipped="0">
  <reporter-output>
  </reporter-output>
  <suite started-at="2024-09-28T07:34:28Z" name="Test Suite for Buildout" finished-at="2024-09-28T07:35:32Z" duration-ms="64101">
    <groups>
    </groups>
    <test started-at="2024-09-28T07:34:28Z" name="Test Cases for Buildout" finished-at="2024-09-28T07:35:32Z" duration-ms="64101">
      <class name="demo.TestCases">
        <test-method is-config="true" signature="startBrowser()[pri:0, instance:demo.TestCases@2a79d4b1]" started-at="2024-09-28T13:04:28Z" name="startBrowser" finished-at="2024-09-28T13:04:30Z" duration-ms="2028" status="PASS">
          <reporter-output>
          </reporter-output>
        </test-method> <!-- startBrowser -->
        <test-method signature="testCase01()[pri:0, instance:demo.TestCases@2a79d4b1]" started-at="2024-09-28T13:04:30Z" name="testCase01" finished-at="2024-09-28T13:04:37Z" duration-ms="7053" status="PASS">
          <reporter-output>
          </reporter-output>
        </test-method> <!-- testCase01 -->
        <test-method signature="testCase02()[pri:0, instance:demo.TestCases@2a79d4b1]" started-at="2024-09-28T13:04:37Z" name="testCase02" finished-at="2024-09-28T13:04:58Z" duration-ms="20982" status="PASS">
          <reporter-output>
          </reporter-output>
        </test-method> <!-- testCase02 -->
        <test-method signature="testCase03()[pri:0, instance:demo.TestCases@2a79d4b1]" started-at="2024-09-28T13:04:58Z" name="testCase03" finished-at="2024-09-28T13:05:19Z" duration-ms="21193" status="PASS">
          <reporter-output>
          </reporter-output>
        </test-method> <!-- testCase03 -->
        <test-method signature="testCase04()[pri:0, instance:demo.TestCases@2a79d4b1]" started-at="2024-09-28T13:05:19Z" name="testCase04" finished-at="2024-09-28T13:05:32Z" duration-ms="12836" status="PASS">
          <reporter-output>
          </reporter-output>
        </test-method> <!-- testCase04 -->
      </class> <!-- demo.TestCases -->
    </test> <!-- Test Cases for Buildout -->
  </suite> <!-- Test Suite for Buildout -->
</testng-results>
