<?xml version="1.0" encoding="UTF-8"?>
<testng-results total="7" passed="7" failed="0" skipped="0">
  <reporter-output>
  </reporter-output>
  <suite started-at="2024-09-28T13:40:23Z" name="Test Suite for Buildout" finished-at="2024-09-28T13:42:09Z" duration-ms="105976">
    <groups>
    </groups>
    <test started-at="2024-09-28T13:40:23Z" name="Test Cases for Buildout" finished-at="2024-09-28T13:42:09Z" duration-ms="105976">
      <class name="demo.TestCases">
        <test-method is-config="true" signature="startBrowser()[pri:0, instance:demo.TestCases@2e9fda69]" started-at="2024-09-28T19:10:23Z" name="startBrowser" finished-at="2024-09-28T19:10:25Z" duration-ms="2176" status="PASS">
          <reporter-output>
          </reporter-output>
        </test-method> <!-- startBrowser -->
        <test-method signature="testCase01()[pri:0, instance:demo.TestCases@2e9fda69]" started-at="2024-09-28T19:10:25Z" name="testCase01" finished-at="2024-09-28T19:10:34Z" duration-ms="9686" status="PASS">
          <reporter-output>
          </reporter-output>
        </test-method> <!-- testCase01 -->
        <test-method signature="testCase02()[pri:0, instance:demo.TestCases@2e9fda69]" started-at="2024-09-28T19:10:34Z" name="testCase02" finished-at="2024-09-28T19:10:56Z" duration-ms="21266" status="PASS">
          <reporter-output>
          </reporter-output>
        </test-method> <!-- testCase02 -->
        <test-method signature="testCase03()[pri:0, instance:demo.TestCases@2e9fda69]" started-at="2024-09-28T19:10:56Z" name="testCase03" finished-at="2024-09-28T19:11:17Z" duration-ms="21099" status="PASS">
          <reporter-output>
          </reporter-output>
        </test-method> <!-- testCase03 -->
        <test-method signature="testCase04()[pri:0, instance:demo.TestCases@2e9fda69]" started-at="2024-09-28T19:11:17Z" name="testCase04" finished-at="2024-09-28T19:11:31Z" duration-ms="13684" status="PASS">
          <reporter-output>
          </reporter-output>
        </test-method> <!-- testCase04 -->
        <test-method signature="testCase05(java.lang.String)[pri:0, instance:demo.TestCases@2e9fda69]" started-at="2024-09-28T19:11:31Z" name="testCase05" data-provider="excelData" finished-at="2024-09-28T19:11:43Z" duration-ms="12017" status="PASS">
          <params>
            <param index="0">
              <value>
                <![CDATA[Movies]]>
              </value>
            </param>
          </params>
          <reporter-output>
          </reporter-output>
        </test-method> <!-- testCase05 -->
        <test-method signature="testCase05(java.lang.String)[pri:0, instance:demo.TestCases@2e9fda69]" started-at="2024-09-28T19:11:43Z" name="testCase05" data-provider="excelData" finished-at="2024-09-28T19:11:56Z" duration-ms="13139" status="PASS">
          <params>
            <param index="0">
              <value>
                <![CDATA[Music]]>
              </value>
            </param>
          </params>
          <reporter-output>
          </reporter-output>
        </test-method> <!-- testCase05 -->
        <test-method signature="testCase05(java.lang.String)[pri:0, instance:demo.TestCases@2e9fda69]" started-at="2024-09-28T19:11:56Z" name="testCase05" data-provider="excelData" finished-at="2024-09-28T19:12:09Z" duration-ms="12538" status="PASS">
          <params>
            <param index="0">
              <value>
                <![CDATA[Games]]>
              </value>
            </param>
          </params>
          <reporter-output>
          </reporter-output>
        </test-method> <!-- testCase05 -->
      </class> <!-- demo.TestCases -->
    </test> <!-- Test Cases for Buildout -->
  </suite> <!-- Test Suite for Buildout -->
</testng-results>
